
/home/ray/Desktop/ASP/Program/GLoop/IO/input/channelRouting.in
Start Parser
nlp
End Parser
Atom size = 280

Ret size : 30

E done, Es size = 0

Time cost : 0.230000 seconds

/home/ray/Desktop/ASP/Program/GLoop/IO/input/labyrinth.in
Start Parser
nlp
End Parser
Atom size = 942

Ret size : 436

E done, Es size = 0

Time cost : 0.360000 seconds

/home/ray/Desktop/ASP/Program/GLoop/IO/input/sample.in
Start Parser
nlp
End Parser
Atom size = 980

Ret size : 439

E done, Es size = 0

Time cost : 0.370000 seconds
